<?xml version="1.0" encoding="UTF-8" ?>
<testsuite tests="4" failures="0" name="pl.poznan.put.fc.projektbank.testy.TestyBank" time="0.266" errors="0" skipped="0">
  <properties>
[...]
</properties>
  <testcase classname="pl.poznan.put.fc.projektbank.testy.TestyBank" name="testOdsetek" time="0.093"/>
  <testcase classname="pl.poznan.put.fc.projektbank.testy.TestyBank" name="testPrzelewu" time="0.016"/>
  <testcase classname="pl.poznan.put.fc.projektbank.testy.TestyBank" name="testWyplaty" time="0"/>
  <testcase classname="pl.poznan.put.fc.projektbank.testy.TestyBank" name="testWplaty" time="0"/>
</testsuite>